Hello Paul cloud !!! server up and Listening at host:port ...127.7.114.1:8080
/ was accessed on: 6|5|2014|10:41
/ was accessed on: 6|5|2014|10:46
Hello Paul cloud !!! server up and Listening at host:port ...127.7.114.1:8080
/ was accessed on: 6|7|2014|14:10
/ was accessed on: 6|7|2014|14:10
Hello Paul cloud !!! server up and Listening at host:port ...0.0.0.0:8080
Hello Paul cloud !!! server up and Listening at host:port ...0.0.0.0:8080
/wines was accessed on: 6|9|2014|12:58
Paul's request was received and will be processed by findAll
Hello Paul cloud !!! server up and Listening at host:port ...0.0.0.0:8080
Hello Paul cloud !!! server up and Listening at host:port ...0.0.0.0:8080
Hello Paul cloud !!! server up and Listening at host:port ...0.0.0.0:8080
Hello Paul cloud !!! server up and Listening at host:port ...0.0.0.0:8080
Hello Paul cloud !!! server up and Listening at host:port ...0.0.0.0:8080
Hello Paul cloud !!! server up and Listening at host:port ...0.0.0.0:8080
Hello Paul cloud !!! server up and Listening at host:port ...0.0.0.0:8080
/ was accessed on: 6|9|2014|18:55
Hello Paul cloud !!! server up and Listening at host:port ...0.0.0.0:8080
/wines was accessed on: 6|9|2014|19:7
Paul's request was received and will be processed by findAll
/wines/xxx was accessed on: 6|9|2014|19:7
msg received from Paul!..Retrieving wine: xxx
/wines/paul was accessed on: 6|9|2014|19:7
msg received from Paul!..Retrieving wine: paul
Hello Paul cloud !!! server up and Listening at host:port ...0.0.0.0:8080
Hello Paul cloud !!! server up and Listening at host:port ...0.0.0.0:8080
/ was accessed on: 6|10|2014|23:50
Hello Paul cloud !!! server up and Listening at host:port ...0.0.0.0:8080
Hello Paul cloud !!! server up and Listening at host:port ...0.0.0.0:8080
/wines was accessed on: 6|11|2014|0:5
Paul's request was received and will be processed by findAll
/wines/xxx was accessed on: 6|11|2014|0:6
msg received from Paul!..Retrieving wine: xxx
/wines/xxx was accessed on: 6|11|2014|0:6
msg received from Paul!..Retrieving wine: xxx
Hello Paul cloud !!! server up and Listening at host:port ...0.0.0.0:8080
Hello Paul cloud !!! server up and Listening at host:port ...0.0.0.0:8080
Hello Paul cloud !!! server up and Listening at host:port ...0.0.0.0:8080
Hello Paul cloud !!! server up and Listening at host:port ...0.0.0.0:8080
/wines was accessed on: 6|11|2014|2:0
Paul's request was received and will be processed by findAll
Hello Paul cloud !!! server up and Listening at host:port ...0.0.0.0:8080
Hello Paul cloud !!! server up and Listening at host:port ...0.0.0.0:8080
Hello Paul cloud !!! server up and Listening at host:port ...0.0.0.0:8080
Hello Paul cloud !!! server up and Listening at host:port ...0.0.0.0:8080
Hello Paul cloud !!! server up and Listening at host:port ...0.0.0.0:8080
/wines was accessed on: 6|11|2014|13:53
Paul's request was received and will be processed by findAll
Hello Paul cloud !!! server up and Listening at host:port ...0.0.0.0:8080
/wines was accessed on: 6|11|2014|14:10
Paul's request was received and will be processed by findAll
/wines/xxxPaul was accessed on: 6|11|2014|14:10
msg received from Paul!..Retrieving wine: xxxPaul
Hello Paul cloud !!! server up and Listening at host:port ...0.0.0.0:8080
Hello Paul cloud !!! server up and Listening at host:port ...0.0.0.0:8080
/wines was accessed on: 6|11|2014|18:52
Paul's request was received and will be processed by findAll
Wed Jun 11 2014 20:15:23 GMT+0000 (UTC) Server is listening on port 8080
Hello Paul cloud !!! server up and Listening at host:port ...0.0.0.0:8080
Hello Paul cloud !!! server up and Listening at host:port ...0.0.0.0:8080
/wines was accessed on: 6|12|2014|0:26
Paul's request was received and will be processed by findAll
Hello Paul cloud !!! server up and Listening at host:port ...0.0.0.0:8080
